<?xml version="1.0" encoding="UTF-8"?>
<!-- Generated by org.testng.reporters.JUnitReportReporter -->
<testsuite hostname="DESKTOP-U5SUVO0" failures="0" tests="3" name="In.Spectra.Groups.AddUsersIntoTheGroup_002_Test" time="60.130" errors="0" timestamp="2024-04-08T16:35:35 IST" skipped="0">
  <testcase classname="In.Spectra.Groups.AddUsersIntoTheGroup_002_Test" name="addUsers" time="19.873"/>
  <testcase classname="In.Spectra.Groups.AddUsersIntoTheGroup_002_Test" name="addUsers" time="20.339"/>
  <testcase classname="In.Spectra.Groups.AddUsersIntoTheGroup_002_Test" name="addUsers" time="19.918"/>
</testsuite> <!-- In.Spectra.Groups.AddUsersIntoTheGroup_002_Test -->
